09:05:55.143 [JavaFX Application Thread] DEBUG GameApplication      - Logger initialized
09:05:55.159 [JavaFX Application Thread] DEBUG GameApplication      - Logging settings
Title: Untitled
Version: 0.0
Width: 800
Height: 600
Fullscreen: false
Intro: false
Menus: false
Profiling: false
Single step:false
App Mode: DEVELOPER
Menu Key: ESCAPE
Stage Style: DECORATED
Scene Factory: class com.almasb.fxgl.scene.SceneFactory
Dialog Factory: class com.almasb.fxgl.ui.FXGLDialogFactory
UI Factory: class com.almasb.fxgl.ui.FXGLUIFactory
Notification Service: class com.almasb.fxgl.gameplay.notification.XboxNotificationView
Exception Handler: class com.almasb.fxgl.app.FXGLExceptionHandler
09:05:55.159 [JavaFX Application Thread] DEBUG GameApplication      - Starting FXGL
09:05:55.167 [JavaFX Application Thread] INFO  FXGL                 - FXGL-0.5.4 on DESKTOP
09:05:55.168 [JavaFX Application Thread] INFO  FXGL                 - Source code and latest versions at: https://github.com/AlmasB/FXGL
09:05:55.168 [JavaFX Application Thread] INFO  FXGL                 -              Join the FXGL chat at: https://gitter.im/AlmasB/FXGL
09:05:55.168 [JavaFX Application Thread] DEBUG FXGL                 - FXGL started
09:05:55.168 [JavaFX Application Thread] DEBUG FXGL                 - Initializing FXGL
09:05:55.218 [JavaFX Application Thread] DEBUG AssetLoader          - Loading from disk: /assets/ui/cursors/fxgl_default.png
09:05:55.265 [JavaFX Application Thread] DEBUG AssetLoader          - Loading from disk: /assets/ui/fonts/VarelaRound-Regular.ttf
09:05:55.494 [JavaFX Application Thread] DEBUG MainWindow           - Creating a JavaFX scene
09:05:55.545 [JavaFX Application Thread] DEBUG MainWindow           - Target settings size: 800.0 x 600.0
09:05:55.545 [JavaFX Application Thread] DEBUG MainWindow           - Scaled scene size:    800.0 x 600.0
09:05:55.546 [JavaFX Application Thread] DEBUG MainWindow           - Scaled ratio: (1.0, 1.0)
09:05:55.549 [JavaFX Application Thread] DEBUG AssetLoader          - Loading from disk: /assets/ui/css/fxgl_dark.css
09:05:55.553 [JavaFX Application Thread] DEBUG AssetLoader          - Loading from disk: /assets/textures/fxgl_icon.png
09:05:55.572 [JavaFX Application Thread] DEBUG MainWindow           - Opening main window
09:05:55.862 [JavaFX Application Thread] DEBUG MainWindow           - Window border size: (6.0, 35.0)
09:05:55.862 [JavaFX Application Thread] DEBUG MainWindow           - Scaled size: 800.0 x 600.0
09:05:55.862 [JavaFX Application Thread] DEBUG MainWindow           - Scaled ratio: (1.0, 1.0)
09:05:55.862 [JavaFX Application Thread] DEBUG MainWindow           - Scene size: 800.0 x 600.0
09:05:55.862 [JavaFX Application Thread] DEBUG MainWindow           - Stage size: 806.0 x 635.0
09:05:55.925 [ForkJoinPool.commonPool-worker-1] DEBUG FS                   - Loaded DesktopFSService
09:05:55.926 [ForkJoinPool.commonPool-worker-1] DEBUG FXGL                 - Loading FXGL system data
09:05:55.931 [ForkJoinPool.commonPool-worker-1] DEBUG DesktopFSService     - Reading from: system\fxgl.bundle
09:05:55.944 [ForkJoinPool.commonPool-worker-1] DEBUG Bundle               - Logging bundle: FXGL
09:05:55.945 [ForkJoinPool.commonPool-worker-1] DEBUG Bundle               - FXGL.offline.timer.version.check=2019-01-20T15:39:25.309
09:05:55.946 [ForkJoinPool.commonPool-worker-1] DEBUG FXGL                 - Initializing state machine and application states
09:05:55.947 [ForkJoinPool.commonPool-worker-1] DEBUG AssetLoader          - Loading from disk: /assets/ui/cursors/fxgl_default.png
09:05:55.956 [ForkJoinPool.commonPool-worker-1] DEBUG AssetLoader          - Loading from disk: /assets/ui/cursors/fxgl_default.png
09:05:55.962 [ForkJoinPool.commonPool-worker-1] DEBUG AssetLoader          - Loading from cache: /assets/ui/fonts/VarelaRound-Regular.ttf
09:05:55.965 [ForkJoinPool.commonPool-worker-1] DEBUG AssetLoader          - Loading from disk: /assets/ui/cursors/fxgl_default.png
09:05:55.973 [ForkJoinPool.commonPool-worker-1] DEBUG GameScene            - Game scene initialized: 800x600
09:05:55.987 [ForkJoinPool.commonPool-worker-1] DEBUG GameWorld            - Game world initialized
09:05:56.061 [ForkJoinPool.commonPool-worker-1] DEBUG PhysicsWorld         - Physics world initialized: appHeight=600, physics.ppm=50,0
09:05:56.090 [ForkJoinPool.commonPool-worker-1] DEBUG Input                - Registered new binding: Pause - Esc
09:05:56.139 [JavaFX Application Thread] DEBUG FXGL                 - Running preInit()
09:05:56.140 [JavaFX Application Thread] DEBUG Input                - Registered new binding: Screenshot - P
09:05:56.141 [JavaFX Application Thread] DEBUG Input                - Registered new binding: Dev Options - CTRL+0
09:05:56.141 [JavaFX Application Thread] DEBUG Input                - Registered new binding: System info dump - CTRL+9
09:05:56.142 [JavaFX Application Thread] DEBUG Input                - Registered new binding: Restart - CTRL+R
09:05:56.143 [JavaFX Application Thread] INFO  FXGL                 - FXGL initialization took: 0,974 sec
09:05:56.143 [JavaFX Application Thread] DEBUG LoopRunner           - Starting loop
09:05:56.145 [JavaFX Application Thread] DEBUG StartupState         - STARTUP
09:05:56.145 [JavaFX Application Thread] DEBUG GameApplication      - Starting new game
09:05:56.145 [JavaFX Application Thread] DEBUG Input                - Clearing active input actions
09:05:56.146 [JavaFX Application Thread] DEBUG AssetLoader          - Loading from disk: /assets/ui/css/fxgl_dark.css
09:05:56.155 [JavaFX Application Thread] DEBUG AppStateMachine      - StartupState -> LoadingState
09:05:56.162 [FXGL Background Thread 1 ] DEBUG InitAppTask          - Clearing previous game
09:05:56.162 [FXGL Background Thread 1 ] DEBUG GameWorld            - Clearing game world
09:05:56.162 [FXGL Background Thread 1 ] DEBUG PhysicsWorld         - Clearing physics world
09:05:56.162 [FXGL Background Thread 1 ] DEBUG GameScene            - Clearing game scene
09:05:56.164 [FXGL Background Thread 1 ] DEBUG InitAppTask          - Initializing Game
09:05:56.260 [FXGL Background Thread 1 ] DEBUG GameScene            - Creating render group for layer: DEFAULT(100000)
09:05:56.265 [FXGL Background Thread 1 ] DEBUG AssetLoader          - Loading from disk: /assets/textures/ball.png
09:05:56.282 [FXGL Background Thread 1 ] DEBUG AssetLoader          - Loading from disk: /assets/textures/bird.png
09:05:56.320 [FXGL Background Thread 1 ] DEBUG InitAppTask          - Initializing Physics
09:05:56.320 [FXGL Background Thread 1 ] DEBUG InitAppTask          - Initializing UI
09:05:56.320 [FXGL Background Thread 1 ] DEBUG InitAppTask          - Initialization Complete
09:05:56.320 [FXGL Background Thread 1 ] INFO  InitAppTask          - Game initialization took: 0,158 sec
09:05:56.322 [JavaFX Application Thread] DEBUG Input                - Clearing active input actions
09:05:56.322 [JavaFX Application Thread] DEBUG AssetLoader          - Loading from disk: /assets/ui/css/fxgl_dark.css
09:05:56.328 [JavaFX Application Thread] DEBUG AppStateMachine      - LoadingState -> PlayState
09:06:11.076 [JavaFX Application Thread] DEBUG FXGL                 - Exiting FXGL
09:06:11.077 [JavaFX Application Thread] DEBUG FXGL                 - Shutting down background threads
09:06:11.077 [JavaFX Application Thread] DEBUG FXGL                 - Saving FXGL system data
09:06:11.080 [JavaFX Application Thread] DEBUG DesktopFSService     - Writing to: system\fxgl.bundle
09:06:11.089 [JavaFX Application Thread] DEBUG FXGL                 - Closing logger and exiting JavaFX
