09:15:32.157 [JavaFX Application Thread] DEBUG GameApplication      - Logger initialized
09:15:32.173 [JavaFX Application Thread] DEBUG GameApplication      - Logging settings
Title: Untitled
Version: 0.0
Width: 800
Height: 600
Fullscreen: false
Intro: false
Menus: false
Profiling: false
Single step:false
App Mode: DEVELOPER
Menu Key: ESCAPE
Stage Style: DECORATED
Scene Factory: class com.almasb.fxgl.scene.SceneFactory
Dialog Factory: class com.almasb.fxgl.ui.FXGLDialogFactory
UI Factory: class com.almasb.fxgl.ui.FXGLUIFactory
Notification Service: class com.almasb.fxgl.gameplay.notification.XboxNotificationView
Exception Handler: class com.almasb.fxgl.app.FXGLExceptionHandler
09:15:32.173 [JavaFX Application Thread] DEBUG GameApplication      - Starting FXGL
09:15:32.181 [JavaFX Application Thread] INFO  FXGL                 - FXGL-0.5.4 on DESKTOP
09:15:32.182 [JavaFX Application Thread] INFO  FXGL                 - Source code and latest versions at: https://github.com/AlmasB/FXGL
09:15:32.182 [JavaFX Application Thread] INFO  FXGL                 -              Join the FXGL chat at: https://gitter.im/AlmasB/FXGL
09:15:32.182 [JavaFX Application Thread] DEBUG FXGL                 - FXGL started
09:15:32.182 [JavaFX Application Thread] DEBUG FXGL                 - Initializing FXGL
09:15:32.234 [JavaFX Application Thread] DEBUG AssetLoader          - Loading from disk: /assets/ui/cursors/fxgl_default.png
09:15:32.284 [JavaFX Application Thread] DEBUG AssetLoader          - Loading from disk: /assets/ui/fonts/VarelaRound-Regular.ttf
09:15:32.502 [JavaFX Application Thread] DEBUG MainWindow           - Creating a JavaFX scene
09:15:32.560 [JavaFX Application Thread] DEBUG MainWindow           - Target settings size: 800.0 x 600.0
09:15:32.560 [JavaFX Application Thread] DEBUG MainWindow           - Scaled scene size:    800.0 x 600.0
09:15:32.561 [JavaFX Application Thread] DEBUG MainWindow           - Scaled ratio: (1.0, 1.0)
09:15:32.564 [JavaFX Application Thread] DEBUG AssetLoader          - Loading from disk: /assets/ui/css/fxgl_dark.css
09:15:32.569 [JavaFX Application Thread] DEBUG AssetLoader          - Loading from disk: /assets/textures/fxgl_icon.png
09:15:32.585 [JavaFX Application Thread] DEBUG MainWindow           - Opening main window
09:15:32.911 [JavaFX Application Thread] DEBUG MainWindow           - Window border size: (6.0, 35.0)
09:15:32.911 [JavaFX Application Thread] DEBUG MainWindow           - Scaled size: 800.0 x 600.0
09:15:32.911 [JavaFX Application Thread] DEBUG MainWindow           - Scaled ratio: (1.0, 1.0)
09:15:32.912 [JavaFX Application Thread] DEBUG MainWindow           - Scene size: 800.0 x 600.0
09:15:32.912 [JavaFX Application Thread] DEBUG MainWindow           - Stage size: 806.0 x 635.0
09:15:32.966 [ForkJoinPool.commonPool-worker-1] DEBUG FS                   - Loaded DesktopFSService
09:15:32.967 [ForkJoinPool.commonPool-worker-1] DEBUG FXGL                 - Loading FXGL system data
09:15:32.973 [ForkJoinPool.commonPool-worker-1] DEBUG DesktopFSService     - Reading from: system\fxgl.bundle
09:15:32.985 [ForkJoinPool.commonPool-worker-1] DEBUG Bundle               - Logging bundle: FXGL
09:15:32.986 [ForkJoinPool.commonPool-worker-1] DEBUG Bundle               - FXGL.offline.timer.version.check=2019-01-20T15:39:25.309
09:15:32.987 [ForkJoinPool.commonPool-worker-1] DEBUG FXGL                 - Initializing state machine and application states
09:15:32.989 [ForkJoinPool.commonPool-worker-1] DEBUG AssetLoader          - Loading from disk: /assets/ui/cursors/fxgl_default.png
09:15:32.995 [ForkJoinPool.commonPool-worker-1] DEBUG AssetLoader          - Loading from disk: /assets/ui/cursors/fxgl_default.png
09:15:33.001 [ForkJoinPool.commonPool-worker-1] DEBUG AssetLoader          - Loading from cache: /assets/ui/fonts/VarelaRound-Regular.ttf
09:15:33.004 [ForkJoinPool.commonPool-worker-1] DEBUG AssetLoader          - Loading from disk: /assets/ui/cursors/fxgl_default.png
09:15:33.010 [ForkJoinPool.commonPool-worker-1] DEBUG GameScene            - Game scene initialized: 800x600
09:15:33.016 [ForkJoinPool.commonPool-worker-1] DEBUG GameWorld            - Game world initialized
09:15:33.081 [ForkJoinPool.commonPool-worker-1] DEBUG PhysicsWorld         - Physics world initialized: appHeight=600, physics.ppm=50,0
09:15:33.109 [ForkJoinPool.commonPool-worker-1] DEBUG Input                - Registered new binding: Pause - Esc
09:15:33.160 [JavaFX Application Thread] DEBUG FXGL                 - Running preInit()
09:15:33.161 [JavaFX Application Thread] DEBUG Input                - Registered new binding: Screenshot - P
09:15:33.162 [JavaFX Application Thread] DEBUG Input                - Registered new binding: Dev Options - CTRL+0
09:15:33.162 [JavaFX Application Thread] DEBUG Input                - Registered new binding: System info dump - CTRL+9
09:15:33.162 [JavaFX Application Thread] DEBUG Input                - Registered new binding: Restart - CTRL+R
09:15:33.163 [JavaFX Application Thread] INFO  FXGL                 - FXGL initialization took: 0,981 sec
09:15:33.163 [JavaFX Application Thread] DEBUG LoopRunner           - Starting loop
09:15:33.165 [JavaFX Application Thread] DEBUG StartupState         - STARTUP
09:15:33.165 [JavaFX Application Thread] DEBUG GameApplication      - Starting new game
09:15:33.165 [JavaFX Application Thread] DEBUG Input                - Clearing active input actions
09:15:33.167 [JavaFX Application Thread] DEBUG AssetLoader          - Loading from disk: /assets/ui/css/fxgl_dark.css
09:15:33.174 [JavaFX Application Thread] DEBUG AppStateMachine      - StartupState -> LoadingState
09:15:33.181 [FXGL Background Thread 1 ] DEBUG InitAppTask          - Clearing previous game
09:15:33.181 [FXGL Background Thread 1 ] DEBUG GameWorld            - Clearing game world
09:15:33.181 [FXGL Background Thread 1 ] DEBUG PhysicsWorld         - Clearing physics world
09:15:33.182 [FXGL Background Thread 1 ] DEBUG GameScene            - Clearing game scene
09:15:33.183 [FXGL Background Thread 1 ] DEBUG InitAppTask          - Initializing Game
09:15:33.277 [FXGL Background Thread 1 ] DEBUG GameScene            - Creating render group for layer: DEFAULT(100000)
09:15:33.281 [FXGL Background Thread 1 ] DEBUG AssetLoader          - Loading from disk: /assets/textures/ball.png
09:15:33.301 [FXGL Background Thread 1 ] DEBUG AssetLoader          - Loading from disk: /assets/textures/bird.png
09:15:33.333 [FXGL Background Thread 1 ] DEBUG InitAppTask          - Initializing Physics
09:15:33.333 [FXGL Background Thread 1 ] DEBUG InitAppTask          - Initializing UI
09:15:33.333 [FXGL Background Thread 1 ] DEBUG InitAppTask          - Initialization Complete
09:15:33.334 [FXGL Background Thread 1 ] INFO  InitAppTask          - Game initialization took: 0,152 sec
09:15:33.336 [JavaFX Application Thread] DEBUG Input                - Clearing active input actions
09:15:33.336 [JavaFX Application Thread] DEBUG AssetLoader          - Loading from disk: /assets/ui/css/fxgl_dark.css
09:15:33.342 [JavaFX Application Thread] DEBUG AppStateMachine      - LoadingState -> PlayState
09:15:41.084 [JavaFX Application Thread] DEBUG FXGL                 - Exiting FXGL
09:15:41.085 [JavaFX Application Thread] DEBUG FXGL                 - Shutting down background threads
09:15:41.085 [JavaFX Application Thread] DEBUG FXGL                 - Saving FXGL system data
09:15:41.088 [JavaFX Application Thread] DEBUG DesktopFSService     - Writing to: system\fxgl.bundle
09:15:41.092 [JavaFX Application Thread] DEBUG FXGL                 - Closing logger and exiting JavaFX
