16:38:24.975 [JavaFX Application Thread] DEBUG GameApplication      - Logger initialized
16:38:24.986 [JavaFX Application Thread] DEBUG GameApplication      - Logging settings
Title: Untitled
Version: 0.0
Width: 800
Height: 600
Fullscreen: false
Intro: false
Menus: false
Profiling: false
Single step:false
App Mode: DEVELOPER
Menu Key: ESCAPE
Stage Style: DECORATED
Scene Factory: class com.almasb.fxgl.scene.SceneFactory
Dialog Factory: class com.almasb.fxgl.ui.FXGLDialogFactory
UI Factory: class com.almasb.fxgl.ui.FXGLUIFactory
Notification Service: class com.almasb.fxgl.gameplay.notification.XboxNotificationView
Exception Handler: class com.almasb.fxgl.app.FXGLExceptionHandler
16:38:24.986 [JavaFX Application Thread] DEBUG GameApplication      - Starting FXGL
16:38:24.994 [JavaFX Application Thread] INFO  FXGL                 - FXGL-0.5.4 on DESKTOP
16:38:24.994 [JavaFX Application Thread] INFO  FXGL                 - Source code and latest versions at: https://github.com/AlmasB/FXGL
16:38:24.994 [JavaFX Application Thread] INFO  FXGL                 -              Join the FXGL chat at: https://gitter.im/AlmasB/FXGL
16:38:24.995 [JavaFX Application Thread] DEBUG FXGL                 - FXGL started
16:38:24.995 [JavaFX Application Thread] DEBUG FXGL                 - Initializing FXGL
16:38:25.041 [JavaFX Application Thread] DEBUG AssetLoader          - Loading from disk: /assets/ui/cursors/fxgl_default.png
16:38:25.109 [JavaFX Application Thread] DEBUG AssetLoader          - Loading from disk: /assets/ui/fonts/VarelaRound-Regular.ttf
16:38:25.316 [JavaFX Application Thread] DEBUG MainWindow           - Creating a JavaFX scene
16:38:25.355 [JavaFX Application Thread] DEBUG MainWindow           - Target settings size: 800.0 x 600.0
16:38:25.355 [JavaFX Application Thread] DEBUG MainWindow           - Scaled scene size:    800.0 x 600.0
16:38:25.356 [JavaFX Application Thread] DEBUG MainWindow           - Scaled ratio: (1.0, 1.0)
16:38:25.358 [JavaFX Application Thread] DEBUG AssetLoader          - Loading from disk: /assets/ui/css/fxgl_dark.css
16:38:25.362 [JavaFX Application Thread] DEBUG AssetLoader          - Loading from disk: /assets/textures/fxgl_icon.png
16:38:25.375 [JavaFX Application Thread] DEBUG MainWindow           - Opening main window
16:38:26.145 [JavaFX Application Thread] DEBUG MainWindow           - Window border size: (6.0, 35.0)
16:38:26.145 [JavaFX Application Thread] DEBUG MainWindow           - Scaled size: 800.0 x 600.0
16:38:26.145 [JavaFX Application Thread] DEBUG MainWindow           - Scaled ratio: (1.0, 1.0)
16:38:26.145 [JavaFX Application Thread] DEBUG MainWindow           - Scene size: 800.0 x 600.0
16:38:26.145 [JavaFX Application Thread] DEBUG MainWindow           - Stage size: 806.0 x 635.0
16:38:26.225 [ForkJoinPool.commonPool-worker-1] DEBUG FS                   - Loaded DesktopFSService
16:38:26.225 [ForkJoinPool.commonPool-worker-1] DEBUG FXGL                 - Loading FXGL system data
16:38:26.249 [ForkJoinPool.commonPool-worker-1] DEBUG DesktopFSService     - Reading from: system\fxgl.bundle
16:38:26.259 [ForkJoinPool.commonPool-worker-1] DEBUG Bundle               - Logging bundle: FXGL
16:38:26.260 [ForkJoinPool.commonPool-worker-1] DEBUG Bundle               - FXGL.offline.timer.version.check=2019-01-20T15:39:25.309
16:38:26.261 [ForkJoinPool.commonPool-worker-1] DEBUG FXGL                 - Initializing state machine and application states
16:38:26.263 [ForkJoinPool.commonPool-worker-1] DEBUG AssetLoader          - Loading from disk: /assets/ui/cursors/fxgl_default.png
16:38:26.268 [ForkJoinPool.commonPool-worker-1] DEBUG AssetLoader          - Loading from disk: /assets/ui/cursors/fxgl_default.png
16:38:26.270 [ForkJoinPool.commonPool-worker-2] DEBUG UpdaterTask          - Checking for updates
16:38:26.275 [ForkJoinPool.commonPool-worker-1] DEBUG AssetLoader          - Loading from cache: /assets/ui/fonts/VarelaRound-Regular.ttf
16:38:26.278 [ForkJoinPool.commonPool-worker-1] DEBUG AssetLoader          - Loading from disk: /assets/ui/cursors/fxgl_default.png
16:38:26.281 [ForkJoinPool.commonPool-worker-1] DEBUG GameScene            - Game scene initialized: 800x600
16:38:26.287 [ForkJoinPool.commonPool-worker-1] DEBUG GameWorld            - Game world initialized
16:38:26.352 [ForkJoinPool.commonPool-worker-1] DEBUG PhysicsWorld         - Physics world initialized: appHeight=600, physics.ppm=50,0
16:38:26.375 [ForkJoinPool.commonPool-worker-1] DEBUG Input                - Registered new binding: Pause - Esc
16:38:26.419 [JavaFX Application Thread] DEBUG FXGL                 - Running preInit()
16:38:26.421 [JavaFX Application Thread] DEBUG Input                - Registered new binding: Screenshot - P
16:38:26.422 [JavaFX Application Thread] DEBUG Input                - Registered new binding: Dev Options - CTRL+0
16:38:26.422 [JavaFX Application Thread] DEBUG Input                - Registered new binding: System info dump - CTRL+9
16:38:26.423 [JavaFX Application Thread] DEBUG Input                - Registered new binding: Restart - CTRL+R
16:38:26.425 [JavaFX Application Thread] DEBUG Input                - Registered new binding: Left - A
16:38:26.425 [JavaFX Application Thread] DEBUG Input                - Registered new binding: Right - D
16:38:26.426 [JavaFX Application Thread] DEBUG Input                - Registered new binding: Down - S
16:38:26.426 [JavaFX Application Thread] DEBUG Input                - Registered new binding: Up - W
16:38:26.427 [JavaFX Application Thread] INFO  FXGL                 - FXGL initialization took: 1,432 sec
16:38:26.427 [JavaFX Application Thread] DEBUG LoopRunner           - Starting loop
16:38:26.429 [JavaFX Application Thread] DEBUG StartupState         - STARTUP
16:38:26.429 [JavaFX Application Thread] DEBUG GameApplication      - Starting new game
16:38:26.430 [JavaFX Application Thread] DEBUG Input                - Clearing active input actions
16:38:26.431 [JavaFX Application Thread] DEBUG AssetLoader          - Loading from disk: /assets/ui/css/fxgl_dark.css
16:38:26.438 [JavaFX Application Thread] DEBUG AppStateMachine      - StartupState -> LoadingState
16:38:26.443 [FXGL Background Thread 1 ] DEBUG InitAppTask          - Clearing previous game
16:38:26.443 [FXGL Background Thread 1 ] DEBUG GameWorld            - Clearing game world
16:38:26.443 [FXGL Background Thread 1 ] DEBUG PhysicsWorld         - Clearing physics world
16:38:26.443 [FXGL Background Thread 1 ] DEBUG GameScene            - Clearing game scene
16:38:26.445 [FXGL Background Thread 1 ] DEBUG InitAppTask          - Initializing Game
16:38:26.569 [FXGL Background Thread 1 ] DEBUG GameScene            - Creating render group for layer: DEFAULT(100000)
16:38:26.574 [FXGL Background Thread 1 ] DEBUG AssetLoader          - Loading from disk: /assets/textures/ball.png
16:38:26.587 [FXGL Background Thread 1 ] DEBUG AssetLoader          - Loading from disk: /assets/textures/bird.png
16:38:26.593 [FXGL Background Thread 1 ] DEBUG AssetLoader          - Loading from cache: /assets/textures/bird.png
16:38:26.595 [FXGL Background Thread 1 ] DEBUG AssetLoader          - Loading from cache: /assets/textures/bird.png
16:38:26.596 [FXGL Background Thread 1 ] DEBUG AssetLoader          - Loading from cache: /assets/textures/bird.png
16:38:26.597 [FXGL Background Thread 1 ] DEBUG InitAppTask          - Initializing Physics
16:38:26.597 [FXGL Background Thread 1 ] DEBUG InitAppTask          - Initializing UI
16:38:26.598 [FXGL Background Thread 1 ] DEBUG AssetLoader          - Loading from cache: /assets/ui/fonts/VarelaRound-Regular.ttf
16:38:26.599 [FXGL Background Thread 1 ] DEBUG AssetLoader          - Loading from cache: /assets/ui/fonts/VarelaRound-Regular.ttf
16:38:26.599 [FXGL Background Thread 1 ] DEBUG AssetLoader          - Loading from cache: /assets/ui/fonts/VarelaRound-Regular.ttf
16:38:26.599 [FXGL Background Thread 1 ] DEBUG AssetLoader          - Loading from cache: /assets/ui/fonts/VarelaRound-Regular.ttf
16:38:26.599 [FXGL Background Thread 1 ] DEBUG InitAppTask          - Initialization Complete
16:38:26.599 [FXGL Background Thread 1 ] INFO  InitAppTask          - Game initialization took: 0,157 sec
16:38:26.610 [JavaFX Application Thread] DEBUG Input                - Clearing active input actions
16:38:26.610 [JavaFX Application Thread] DEBUG AssetLoader          - Loading from disk: /assets/ui/css/fxgl_dark.css
16:38:26.617 [JavaFX Application Thread] DEBUG AppStateMachine      - LoadingState -> PlayState
16:38:28.291 [JavaFX Application Thread] DEBUG AssetLoader          - Loading from cache: /assets/textures/ball.png@40.0x40.0
16:38:28.292 [JavaFX Application Thread] DEBUG AssetLoader          - Loading from cache: /assets/textures/bird.png
16:38:28.293 [JavaFX Application Thread] DEBUG AssetLoader          - Loading from cache: /assets/textures/bird.png
16:38:28.294 [JavaFX Application Thread] DEBUG AssetLoader          - Loading from cache: /assets/textures/bird.png
16:38:28.294 [JavaFX Application Thread] DEBUG AssetLoader          - Loading from cache: /assets/textures/bird.png
16:38:28.299 [JavaFX Application Thread] WARN  GameWorld            - Attempted to remove entity which is not active
16:38:30.124 [JavaFX Application Thread] DEBUG FXGL                 - Exiting FXGL
16:38:30.124 [JavaFX Application Thread] DEBUG FXGL                 - Shutting down background threads
16:38:30.124 [JavaFX Application Thread] DEBUG FXGL                 - Saving FXGL system data
16:38:30.127 [JavaFX Application Thread] DEBUG DesktopFSService     - Writing to: system\fxgl.bundle
16:38:30.136 [JavaFX Application Thread] DEBUG FXGL                 - Closing logger and exiting JavaFX
