18:29:13.133 [JavaFX Application Thread] DEBUG GameApplication      - Logger initialized
18:29:13.368 [JavaFX Application Thread] DEBUG GameApplication      - Starting FXGL
18:29:13.368 [JavaFX Application Thread] INFO  Version              - FXGL-0.4.0
18:29:13.369 [JavaFX Application Thread] INFO  Version              - Source code and latest versions at: https://github.com/AlmasB/FXGL
18:29:13.369 [JavaFX Application Thread] INFO  Version              -              Join the FXGL chat at: https://gitter.im/AlmasB/FXGL
18:29:13.447 [FXGL Launcher Thread     ] DEBUG FXGL                 - Loading FXGL system data
18:29:13.454 [FXGL Launcher Thread     ] DEBUG IOTask               - Executing task: readDataTask(system/fxgl.bundle)
18:29:13.464 [FXGL Launcher Thread     ] DEBUG FS                   - Reading from: system\fxgl.bundle
18:29:13.472 [FXGL Launcher Thread     ] DEBUG IOTask               - Task succeeded: readDataTask(system/fxgl.bundle)
18:29:13.473 [FXGL Launcher Thread     ] DEBUG Bundle               - Logging bundle: FXGL
18:29:13.473 [FXGL Launcher Thread     ] DEBUG Bundle               - FXGL.offline.timer.version.check=2019-01-20T15:39:25.309
18:29:13.474 [FXGL Launcher Thread     ] DEBUG GameApplication      - FXGL configuration complete
18:29:13.477 [FXGL Launcher Thread     ] INFO  GameApplication      - FXGL configuration took:  0,062 sec
18:29:13.477 [FXGL Launcher Thread     ] DEBUG GameApplication      - Logging game settings
Title: Untitled
Version: 0.0
Width: 800
Height: 600
Fullscreen: false
Intro: false
Menus: false
Profiling: false
Single step:false
App Mode: DEVELOPER
Menu Key: ESCAPE
Stage Style: DECORATED
Scene Factory: class com.almasb.fxgl.scene.SceneFactory
Dialog Factory: class com.almasb.fxgl.ui.FXGLDialogFactory
UI Factory: class com.almasb.fxgl.ui.FXGLUIFactory
Notification Service: class com.almasb.fxgl.gameplay.notification.XboxNotificationView
Exception Handler: class com.almasb.fxgl.app.FXGLExceptionHandler
18:29:13.481 [FXGL Launcher Thread     ] DEBUG GameApplication      - Configuring GameApplication
18:29:13.485 [FXGL Launcher Thread     ] DEBUG AppStateMachine      - Initializing application states
18:29:13.493 [FXGL Launcher Thread     ] DEBUG AssetLoader          - Loading from disk: /assets/ui/cursors/fxgl_default.png
18:29:13.514 [FXGL Launcher Thread     ] DEBUG AssetLoader          - Loading from disk: /assets/ui/cursors/fxgl_default.png
18:29:13.522 [FXGL Launcher Thread     ] DEBUG AssetLoader          - Loading from disk: /assets/sounds/core/notification.wav
18:29:13.552 [FXGL Launcher Thread     ] DEBUG AssetLoader          - Loading from disk: /assets/sounds/menu/select.wav
18:29:13.554 [FXGL Launcher Thread     ] DEBUG AssetLoader          - Loading from disk: /assets/sounds/menu/back.wav
18:29:13.556 [FXGL Launcher Thread     ] DEBUG AssetLoader          - Loading from disk: /assets/sounds/menu/press.wav
18:29:13.559 [FXGL Launcher Thread     ] DEBUG AssetLoader          - Loading from disk: /assets/ui/fonts/VarelaRound-Regular.ttf
18:29:13.804 [FXGL Launcher Thread     ] DEBUG AssetLoader          - Loading from disk: /assets/ui/fonts/lucida_console.ttf
18:29:13.829 [FXGL Launcher Thread     ] DEBUG AssetLoader          - Loading from disk: /assets/ui/css/fxgl_dark.css
18:29:13.829 [FXGL Launcher Thread     ] DEBUG AssetLoader          - Loading from disk: /assets/ui/icons/fxgl_icon.png
18:29:13.850 [FXGL Launcher Thread     ] DEBUG AssetLoader          - Loading from disk: /assets/ui/cursors/fxgl_default.png
18:29:13.871 [FXGL Launcher Thread     ] DEBUG FXGL.GameScene       - Game scene initialized: 800x600
18:29:13.875 [FXGL Launcher Thread     ] DEBUG FXGL.GameWorld       - Game world initialized
18:29:13.934 [FXGL Launcher Thread     ] DEBUG FXGL.PhysicsWorld    - Physics world initialized: appHeight=600, physics.ppm=50,0
18:29:13.991 [FXGL Launcher Thread     ] DEBUG Input                - Registered new binding: Pause - Esc
18:29:14.003 [FXGL Launcher Thread     ] INFO  GameApplication      - Game configuration took:  0,523 sec
18:29:14.011 [JavaFX Application Thread] DEBUG MainWindow           - Target size: 800.0 x 600.0 @ 1.0
18:29:14.011 [JavaFX Application Thread] DEBUG MainWindow           - New size:    800.0 x 600.0 @ 1.0
18:29:14.011 [JavaFX Application Thread] DEBUG MainWindow           - Opening main window
18:29:14.051 [JavaFX Application Thread] DEBUG MainWindow           - Root size:  800.0x600.0
18:29:14.051 [JavaFX Application Thread] DEBUG MainWindow           - Scene size: 800.0x600.0
18:29:14.051 [JavaFX Application Thread] DEBUG MainWindow           - Stage size: 806.0x635.0
18:29:14.051 [JavaFX Application Thread] DEBUG GameApplication      - Running preInit()
18:29:14.219 [JavaFX Application Thread] DEBUG AnnotationParser     - @SetAchievementStore: []
18:29:14.220 [JavaFX Application Thread] DEBUG Input                - Registered new binding: Screenshot - P
18:29:14.221 [JavaFX Application Thread] DEBUG Input                - Registered new binding: Dev Options - CTRL+0
18:29:14.259 [JavaFX Application Thread] DEBUG GameApplication      - Starting main loop
18:29:14.262 [JavaFX Application Thread] DEBUG StartupState         - STARTUP
18:29:14.263 [JavaFX Application Thread] DEBUG GameApplication      - Starting new game
18:29:14.263 [JavaFX Application Thread] DEBUG Input                - Clearing active input actions
18:29:14.263 [JavaFX Application Thread] DEBUG AppStateMachine      - StartupState -> LoadingState
18:29:14.297 [JavaFX Application Thread] DEBUG InitAppTask          - Parsing annotations
18:29:14.312 [JavaFX Application Thread] DEBUG AnnotationParser     - @SetEntityFactory: []
18:29:14.313 [JavaFX Application Thread] DEBUG AnnotationParser     - @SetEventHandler: []
18:29:14.313 [JavaFX Application Thread] DEBUG AnnotationParser     - @AddCollisionHandler: []
18:29:14.319 [FXGL Background Thread 1 ] DEBUG InitAppTask          - Clearing previous game
18:29:14.319 [FXGL Background Thread 1 ] DEBUG FXGL.GameWorld       - Clearing game world
18:29:14.320 [FXGL Background Thread 1 ] DEBUG FXGL.PhysicsWorld    - Clearing physics world
18:29:14.320 [FXGL Background Thread 1 ] DEBUG FXGL.GameScene       - Clearing game scene
18:29:14.321 [FXGL Background Thread 1 ] DEBUG InitAppTask          - Initializing Assets
18:29:14.321 [FXGL Background Thread 1 ] DEBUG InitAppTask          - Initializing Game
18:29:14.370 [FXGL Background Thread 1 ] DEBUG AssetLoader          - Loading from disk: /assets/textures/ball.png
18:29:14.370 [FXGL Background Thread 1 ] FATAL AssetLoader          - Loading failed for asset: ball.png. Cause: Asset "/assets/textures/ball.png" was not found!
18:29:14.399 [JavaFX Application Thread] FATAL GameApplication      - Uncaught Exception:
18:29:14.400 [JavaFX Application Thread] FATAL GameApplication      - 

Exception occurred: java.lang.reflect.UndeclaredThrowableException : null
E: com.sun.proxy.$Proxy2.spawn(Unknown Source)
E: com.almasb.fxgl.entity.GameWorld.spawn(GameWorld.java:403)
E: com.almasb.fxgl.entity.GameWorld.spawn(GameWorld.java:384)
E: com.almasb.fxgl.app.DSLKt.spawn(DSL.kt:147)
E: main.DodgerApp.initGame(DodgerApp.java:18)
E: com.almasb.fxgl.app.LoadingState$InitAppTask.initGame(AppStates.kt:200)
E: com.almasb.fxgl.app.LoadingState$InitAppTask.call(AppStates.kt:160)
E: com.almasb.fxgl.app.LoadingState$InitAppTask.call(AppStates.kt:132)
E: javafx.concurrent.Task$TaskCallable.call(Task.java:1423)
E: java.util.concurrent.FutureTask.run(FutureTask.java:266)
E: java.util.concurrent.Executors$RunnableAdapter.call(Executors.java:511)
E: java.util.concurrent.FutureTask.run(FutureTask.java:266)
E: java.util.concurrent.ThreadPoolExecutor.runWorker(ThreadPoolExecutor.java:1149)
E: java.util.concurrent.ThreadPoolExecutor$Worker.run(ThreadPoolExecutor.java:624)
E: java.lang.Thread.run(Thread.java:748)

18:29:14.400 [JavaFX Application Thread] FATAL GameApplication      - Application will now exit
18:29:14.400 [JavaFX Application Thread] DEBUG GameApplication      - Stopping main loop
18:29:24.274 [JavaFX Application Thread] DEBUG GameApplication      - Exiting game application
18:29:24.277 [JavaFX Application Thread] DEBUG GameApplication      - Shutting down background threads
18:29:24.277 [JavaFX Application Thread] DEBUG GameApplication      - Exiting FXGL
18:29:24.277 [JavaFX Application Thread] DEBUG FXGL                 - Saving FXGL system data
18:29:24.278 [JavaFX Application Thread] DEBUG IOTask               - Executing task: writeDataTask(system/fxgl.bundle)
18:29:24.280 [JavaFX Application Thread] DEBUG FS                   - Writing to: system\fxgl.bundle
18:29:24.292 [JavaFX Application Thread] DEBUG IOTask               - Task succeeded: writeDataTask(system/fxgl.bundle)
18:29:24.293 [JavaFX Application Thread] DEBUG GameApplication      - Closing logger and exiting JavaFX
