18:41:14.294 [JavaFX Application Thread] DEBUG GameApplication      - Logger initialized
18:41:14.537 [JavaFX Application Thread] DEBUG GameApplication      - Starting FXGL
18:41:14.538 [JavaFX Application Thread] INFO  Version              - FXGL-0.4.0
18:41:14.538 [JavaFX Application Thread] INFO  Version              - Source code and latest versions at: https://github.com/AlmasB/FXGL
18:41:14.538 [JavaFX Application Thread] INFO  Version              -              Join the FXGL chat at: https://gitter.im/AlmasB/FXGL
18:41:14.610 [FXGL Launcher Thread     ] DEBUG FXGL                 - Loading FXGL system data
18:41:14.614 [FXGL Launcher Thread     ] DEBUG IOTask               - Executing task: readDataTask(system/fxgl.bundle)
18:41:14.624 [FXGL Launcher Thread     ] DEBUG FS                   - Reading from: system\fxgl.bundle
18:41:14.633 [FXGL Launcher Thread     ] DEBUG IOTask               - Task succeeded: readDataTask(system/fxgl.bundle)
18:41:14.633 [FXGL Launcher Thread     ] DEBUG Bundle               - Logging bundle: FXGL
18:41:14.634 [FXGL Launcher Thread     ] DEBUG Bundle               - FXGL.offline.timer.version.check=2019-01-20T15:39:25.309
18:41:14.634 [FXGL Launcher Thread     ] DEBUG GameApplication      - FXGL configuration complete
18:41:14.636 [FXGL Launcher Thread     ] INFO  GameApplication      - FXGL configuration took:  0,062 sec
18:41:14.636 [FXGL Launcher Thread     ] DEBUG GameApplication      - Logging game settings
Title: Untitled
Version: 0.0
Width: 800
Height: 600
Fullscreen: false
Intro: false
Menus: false
Profiling: false
Single step:false
App Mode: DEVELOPER
Menu Key: ESCAPE
Stage Style: DECORATED
Scene Factory: class com.almasb.fxgl.scene.SceneFactory
Dialog Factory: class com.almasb.fxgl.ui.FXGLDialogFactory
UI Factory: class com.almasb.fxgl.ui.FXGLUIFactory
Notification Service: class com.almasb.fxgl.gameplay.notification.XboxNotificationView
Exception Handler: class com.almasb.fxgl.app.FXGLExceptionHandler
18:41:14.685 [FXGL Launcher Thread     ] DEBUG GameApplication      - Configuring GameApplication
18:41:14.688 [FXGL Launcher Thread     ] DEBUG AppStateMachine      - Initializing application states
18:41:14.700 [FXGL Launcher Thread     ] DEBUG AssetLoader          - Loading from disk: /assets/ui/cursors/fxgl_default.png
18:41:14.722 [FXGL Launcher Thread     ] DEBUG AssetLoader          - Loading from disk: /assets/ui/cursors/fxgl_default.png
18:41:14.752 [FXGL Launcher Thread     ] DEBUG AssetLoader          - Loading from disk: /assets/sounds/core/notification.wav
18:41:14.783 [FXGL Launcher Thread     ] DEBUG AssetLoader          - Loading from disk: /assets/sounds/menu/select.wav
18:41:14.785 [FXGL Launcher Thread     ] DEBUG AssetLoader          - Loading from disk: /assets/sounds/menu/back.wav
18:41:14.787 [FXGL Launcher Thread     ] DEBUG AssetLoader          - Loading from disk: /assets/sounds/menu/press.wav
18:41:14.789 [FXGL Launcher Thread     ] DEBUG AssetLoader          - Loading from disk: /assets/ui/fonts/VarelaRound-Regular.ttf
18:41:15.042 [FXGL Launcher Thread     ] DEBUG AssetLoader          - Loading from disk: /assets/ui/fonts/lucida_console.ttf
18:41:15.067 [FXGL Launcher Thread     ] DEBUG AssetLoader          - Loading from disk: /assets/ui/css/fxgl_dark.css
18:41:15.068 [FXGL Launcher Thread     ] DEBUG AssetLoader          - Loading from disk: /assets/ui/icons/fxgl_icon.png
18:41:15.088 [FXGL Launcher Thread     ] DEBUG AssetLoader          - Loading from disk: /assets/ui/cursors/fxgl_default.png
18:41:15.108 [FXGL Launcher Thread     ] DEBUG FXGL.GameScene       - Game scene initialized: 800x600
18:41:15.111 [FXGL Launcher Thread     ] DEBUG FXGL.GameWorld       - Game world initialized
18:41:15.181 [FXGL Launcher Thread     ] DEBUG FXGL.PhysicsWorld    - Physics world initialized: appHeight=600, physics.ppm=50,0
18:41:15.203 [FXGL Launcher Thread     ] DEBUG Input                - Registered new binding: Pause - Esc
18:41:15.218 [FXGL Launcher Thread     ] INFO  GameApplication      - Game configuration took:  0,532 sec
18:41:15.232 [JavaFX Application Thread] DEBUG MainWindow           - Target size: 800.0 x 600.0 @ 1.0
18:41:15.232 [JavaFX Application Thread] DEBUG MainWindow           - New size:    800.0 x 600.0 @ 1.0
18:41:15.233 [JavaFX Application Thread] DEBUG MainWindow           - Opening main window
18:41:15.274 [JavaFX Application Thread] DEBUG MainWindow           - Root size:  800.0x600.0
18:41:15.275 [JavaFX Application Thread] DEBUG MainWindow           - Scene size: 800.0x600.0
18:41:15.275 [JavaFX Application Thread] DEBUG MainWindow           - Stage size: 806.0x635.0
18:41:15.275 [JavaFX Application Thread] DEBUG GameApplication      - Running preInit()
18:41:15.357 [JavaFX Application Thread] DEBUG AnnotationParser     - @SetAchievementStore: []
18:41:15.358 [JavaFX Application Thread] DEBUG Input                - Registered new binding: Screenshot - P
18:41:15.358 [JavaFX Application Thread] DEBUG Input                - Registered new binding: Dev Options - CTRL+0
18:41:15.399 [JavaFX Application Thread] DEBUG GameApplication      - Starting main loop
18:41:15.405 [JavaFX Application Thread] DEBUG StartupState         - STARTUP
18:41:15.405 [JavaFX Application Thread] DEBUG GameApplication      - Starting new game
18:41:15.405 [JavaFX Application Thread] DEBUG Input                - Clearing active input actions
18:41:15.405 [JavaFX Application Thread] DEBUG AppStateMachine      - StartupState -> LoadingState
18:41:15.436 [JavaFX Application Thread] DEBUG InitAppTask          - Parsing annotations
18:41:15.581 [JavaFX Application Thread] DEBUG AnnotationParser     - @SetEventHandler: []
18:41:15.581 [JavaFX Application Thread] DEBUG AnnotationParser     - @SetEntityFactory: []
18:41:15.581 [JavaFX Application Thread] DEBUG AnnotationParser     - @AddCollisionHandler: []
18:41:15.590 [FXGL Background Thread 1 ] DEBUG InitAppTask          - Clearing previous game
18:41:15.591 [FXGL Background Thread 1 ] DEBUG FXGL.GameWorld       - Clearing game world
18:41:15.592 [FXGL Background Thread 1 ] DEBUG FXGL.PhysicsWorld    - Clearing physics world
18:41:15.592 [FXGL Background Thread 1 ] DEBUG FXGL.GameScene       - Clearing game scene
18:41:15.592 [FXGL Background Thread 1 ] DEBUG InitAppTask          - Initializing Assets
18:41:15.593 [FXGL Background Thread 1 ] DEBUG InitAppTask          - Initializing Game
18:41:15.634 [FXGL Background Thread 1 ] DEBUG AssetLoader          - Loading from disk: /assets/textures/ball.png
18:41:15.635 [FXGL Background Thread 1 ] FATAL AssetLoader          - Loading failed for asset: ball.png. Cause: Asset "/assets/textures/ball.png" was not found!
18:41:15.644 [JavaFX Application Thread] FATAL GameApplication      - Uncaught Exception:
18:41:15.644 [JavaFX Application Thread] FATAL GameApplication      - 

Exception occurred: java.lang.reflect.UndeclaredThrowableException : null
E: com.sun.proxy.$Proxy2.spawn(Unknown Source)
E: com.almasb.fxgl.entity.GameWorld.spawn(GameWorld.java:403)
E: com.almasb.fxgl.entity.GameWorld.spawn(GameWorld.java:384)
E: com.almasb.fxgl.app.DSLKt.spawn(DSL.kt:147)
E: main.java.com.almasb.dodger.DodgerApp.initGame(DodgerApp.java:18)
E: com.almasb.fxgl.app.LoadingState$InitAppTask.initGame(AppStates.kt:200)
E: com.almasb.fxgl.app.LoadingState$InitAppTask.call(AppStates.kt:160)
E: com.almasb.fxgl.app.LoadingState$InitAppTask.call(AppStates.kt:132)
E: javafx.concurrent.Task$TaskCallable.call(Task.java:1423)
E: java.util.concurrent.FutureTask.run(FutureTask.java:266)
E: java.util.concurrent.Executors$RunnableAdapter.call(Executors.java:511)
E: java.util.concurrent.FutureTask.run(FutureTask.java:266)
E: java.util.concurrent.ThreadPoolExecutor.runWorker(ThreadPoolExecutor.java:1149)
E: java.util.concurrent.ThreadPoolExecutor$Worker.run(ThreadPoolExecutor.java:624)
E: java.lang.Thread.run(Thread.java:748)

18:41:15.645 [JavaFX Application Thread] FATAL GameApplication      - Application will now exit
18:41:15.645 [JavaFX Application Thread] DEBUG GameApplication      - Stopping main loop
18:43:46.433 [JavaFX Application Thread] DEBUG GameApplication      - Exiting game application
18:43:46.435 [JavaFX Application Thread] DEBUG GameApplication      - Shutting down background threads
18:43:46.435 [JavaFX Application Thread] DEBUG GameApplication      - Exiting FXGL
18:43:46.435 [JavaFX Application Thread] DEBUG FXGL                 - Saving FXGL system data
18:43:46.437 [JavaFX Application Thread] DEBUG IOTask               - Executing task: writeDataTask(system/fxgl.bundle)
18:43:46.439 [JavaFX Application Thread] DEBUG FS                   - Writing to: system\fxgl.bundle
18:43:46.444 [JavaFX Application Thread] DEBUG IOTask               - Task succeeded: writeDataTask(system/fxgl.bundle)
18:43:46.444 [JavaFX Application Thread] DEBUG GameApplication      - Closing logger and exiting JavaFX
