17:19:55.385 [JavaFX Application Thread] DEBUG GameApplication      - Logger initialized
17:19:55.403 [JavaFX Application Thread] DEBUG GameApplication      - Logging settings
Title: Untitled
Version: 0.0
Width: 800
Height: 600
Fullscreen: false
Intro: false
Menus: false
Profiling: false
Single step:false
App Mode: DEVELOPER
Menu Key: ESCAPE
Stage Style: DECORATED
Scene Factory: class com.almasb.fxgl.scene.SceneFactory
Dialog Factory: class com.almasb.fxgl.ui.FXGLDialogFactory
UI Factory: class com.almasb.fxgl.ui.FXGLUIFactory
Notification Service: class com.almasb.fxgl.gameplay.notification.XboxNotificationView
Exception Handler: class com.almasb.fxgl.app.FXGLExceptionHandler
17:19:55.403 [JavaFX Application Thread] DEBUG GameApplication      - Starting FXGL
17:19:55.414 [JavaFX Application Thread] INFO  FXGL                 - FXGL-0.5.4 on DESKTOP
17:19:55.414 [JavaFX Application Thread] INFO  FXGL                 - Source code and latest versions at: https://github.com/AlmasB/FXGL
17:19:55.415 [JavaFX Application Thread] INFO  FXGL                 -              Join the FXGL chat at: https://gitter.im/AlmasB/FXGL
17:19:55.415 [JavaFX Application Thread] DEBUG FXGL                 - FXGL started
17:19:55.415 [JavaFX Application Thread] DEBUG FXGL                 - Initializing FXGL
17:19:55.471 [JavaFX Application Thread] DEBUG AssetLoader          - Loading from disk: /assets/ui/cursors/fxgl_default.png
17:19:55.528 [JavaFX Application Thread] DEBUG AssetLoader          - Loading from disk: /assets/ui/fonts/VarelaRound-Regular.ttf
17:19:55.766 [JavaFX Application Thread] DEBUG MainWindow           - Creating a JavaFX scene
17:19:55.832 [JavaFX Application Thread] DEBUG MainWindow           - Target settings size: 800.0 x 600.0
17:19:55.833 [JavaFX Application Thread] DEBUG MainWindow           - Scaled scene size:    800.0 x 600.0
17:19:55.833 [JavaFX Application Thread] DEBUG MainWindow           - Scaled ratio: (1.0, 1.0)
17:19:55.836 [JavaFX Application Thread] DEBUG AssetLoader          - Loading from disk: /assets/ui/css/fxgl_dark.css
17:19:55.841 [JavaFX Application Thread] DEBUG AssetLoader          - Loading from disk: /assets/textures/fxgl_icon.png
17:19:55.860 [JavaFX Application Thread] DEBUG MainWindow           - Opening main window
17:19:56.129 [JavaFX Application Thread] DEBUG MainWindow           - Window border size: (6.0, 35.0)
17:19:56.129 [JavaFX Application Thread] DEBUG MainWindow           - Scaled size: 800.0 x 600.0
17:19:56.129 [JavaFX Application Thread] DEBUG MainWindow           - Scaled ratio: (1.0, 1.0)
17:19:56.130 [JavaFX Application Thread] DEBUG MainWindow           - Scene size: 800.0 x 600.0
17:19:56.130 [JavaFX Application Thread] DEBUG MainWindow           - Stage size: 806.0 x 635.0
17:19:56.180 [ForkJoinPool.commonPool-worker-1] DEBUG FS                   - Loaded DesktopFSService
17:19:56.181 [ForkJoinPool.commonPool-worker-1] DEBUG FXGL                 - Loading FXGL system data
17:19:56.190 [ForkJoinPool.commonPool-worker-1] DEBUG DesktopFSService     - Reading from: system\fxgl.bundle
17:19:56.198 [ForkJoinPool.commonPool-worker-1] DEBUG Bundle               - Logging bundle: FXGL
17:19:56.199 [ForkJoinPool.commonPool-worker-1] DEBUG Bundle               - FXGL.offline.timer.version.check=2019-01-20T15:39:25.309
17:19:56.200 [ForkJoinPool.commonPool-worker-1] DEBUG FXGL                 - Initializing state machine and application states
17:19:56.201 [ForkJoinPool.commonPool-worker-1] DEBUG AssetLoader          - Loading from disk: /assets/ui/cursors/fxgl_default.png
17:19:56.210 [ForkJoinPool.commonPool-worker-1] DEBUG AssetLoader          - Loading from disk: /assets/ui/cursors/fxgl_default.png
17:19:56.216 [ForkJoinPool.commonPool-worker-1] DEBUG AssetLoader          - Loading from cache: /assets/ui/fonts/VarelaRound-Regular.ttf
17:19:56.218 [ForkJoinPool.commonPool-worker-1] DEBUG AssetLoader          - Loading from disk: /assets/ui/cursors/fxgl_default.png
17:19:56.224 [ForkJoinPool.commonPool-worker-1] DEBUG GameScene            - Game scene initialized: 800x600
17:19:56.241 [ForkJoinPool.commonPool-worker-1] DEBUG GameWorld            - Game world initialized
17:19:56.300 [ForkJoinPool.commonPool-worker-1] DEBUG PhysicsWorld         - Physics world initialized: appHeight=600, physics.ppm=50,0
17:19:56.322 [ForkJoinPool.commonPool-worker-1] DEBUG Input                - Registered new binding: Pause - Esc
17:19:56.373 [JavaFX Application Thread] DEBUG FXGL                 - Running preInit()
17:19:56.374 [JavaFX Application Thread] DEBUG Input                - Registered new binding: Screenshot - P
17:19:56.375 [JavaFX Application Thread] DEBUG Input                - Registered new binding: Dev Options - CTRL+0
17:19:56.375 [JavaFX Application Thread] DEBUG Input                - Registered new binding: System info dump - CTRL+9
17:19:56.376 [JavaFX Application Thread] DEBUG Input                - Registered new binding: Restart - CTRL+R
17:19:56.376 [JavaFX Application Thread] DEBUG Input                - Registered new binding: Left - A
17:19:56.377 [JavaFX Application Thread] DEBUG Input                - Registered new binding: Right - D
17:19:56.377 [JavaFX Application Thread] DEBUG Input                - Registered new binding: Down - S
17:19:56.377 [JavaFX Application Thread] DEBUG Input                - Registered new binding: Up - W
17:19:56.378 [JavaFX Application Thread] INFO  FXGL                 - FXGL initialization took: 0,963 sec
17:19:56.378 [JavaFX Application Thread] DEBUG LoopRunner           - Starting loop
17:19:56.387 [JavaFX Application Thread] DEBUG StartupState         - STARTUP
17:19:56.387 [JavaFX Application Thread] DEBUG GameApplication      - Starting new game
17:19:56.387 [JavaFX Application Thread] DEBUG Input                - Clearing active input actions
17:19:56.388 [JavaFX Application Thread] DEBUG AssetLoader          - Loading from disk: /assets/ui/css/fxgl_dark.css
17:19:56.395 [JavaFX Application Thread] DEBUG AppStateMachine      - StartupState -> LoadingState
17:19:56.408 [FXGL Background Thread 1 ] DEBUG InitAppTask          - Clearing previous game
17:19:56.409 [FXGL Background Thread 1 ] DEBUG GameWorld            - Clearing game world
17:19:56.409 [FXGL Background Thread 1 ] DEBUG PhysicsWorld         - Clearing physics world
17:19:56.409 [FXGL Background Thread 1 ] DEBUG GameScene            - Clearing game scene
17:19:56.410 [FXGL Background Thread 1 ] DEBUG InitAppTask          - Initializing Game
17:19:56.511 [FXGL Background Thread 1 ] DEBUG GameScene            - Creating render group for layer: DEFAULT(100000)
17:19:56.516 [FXGL Background Thread 1 ] DEBUG AssetLoader          - Loading from disk: /assets/textures/ball.png
17:19:56.600 [FXGL Background Thread 1 ] DEBUG AssetLoader          - Loading from disk: /assets/textures/bird.png
17:19:56.617 [FXGL Background Thread 1 ] DEBUG AssetLoader          - Loading from cache: /assets/textures/bird.png
17:19:56.618 [FXGL Background Thread 1 ] DEBUG AssetLoader          - Loading from cache: /assets/textures/bird.png
17:19:56.619 [FXGL Background Thread 1 ] DEBUG AssetLoader          - Loading from cache: /assets/textures/bird.png
17:19:56.620 [FXGL Background Thread 1 ] DEBUG InitAppTask          - Initializing Physics
17:19:56.621 [FXGL Background Thread 1 ] DEBUG InitAppTask          - Initializing UI
17:19:56.623 [FXGL Background Thread 1 ] DEBUG AssetLoader          - Loading from cache: /assets/ui/fonts/VarelaRound-Regular.ttf
17:19:56.623 [FXGL Background Thread 1 ] DEBUG AssetLoader          - Loading from cache: /assets/ui/fonts/VarelaRound-Regular.ttf
17:19:56.623 [FXGL Background Thread 1 ] DEBUG AssetLoader          - Loading from cache: /assets/ui/fonts/VarelaRound-Regular.ttf
17:19:56.624 [FXGL Background Thread 1 ] DEBUG AssetLoader          - Loading from cache: /assets/ui/fonts/VarelaRound-Regular.ttf
17:19:56.624 [FXGL Background Thread 1 ] DEBUG InitAppTask          - Initialization Complete
17:19:56.624 [FXGL Background Thread 1 ] INFO  InitAppTask          - Game initialization took: 0,215 sec
17:19:56.626 [JavaFX Application Thread] DEBUG Input                - Clearing active input actions
17:19:56.626 [JavaFX Application Thread] DEBUG AssetLoader          - Loading from disk: /assets/ui/css/fxgl_dark.css
17:19:56.635 [JavaFX Application Thread] DEBUG AppStateMachine      - LoadingState -> PlayState
17:19:58.516 [JavaFX Application Thread] DEBUG AssetLoader          - Loading from cache: /assets/textures/ball.png@40.0x40.0
17:19:58.517 [JavaFX Application Thread] DEBUG AssetLoader          - Loading from cache: /assets/textures/bird.png
17:19:58.518 [JavaFX Application Thread] DEBUG AssetLoader          - Loading from cache: /assets/textures/bird.png
17:19:58.519 [JavaFX Application Thread] DEBUG AssetLoader          - Loading from cache: /assets/textures/bird.png
17:19:58.520 [JavaFX Application Thread] DEBUG AssetLoader          - Loading from cache: /assets/textures/bird.png
17:19:58.524 [JavaFX Application Thread] WARN  GameWorld            - Attempted to remove entity which is not active
17:20:00.289 [JavaFX Application Thread] DEBUG AssetLoader          - Loading from cache: /assets/sounds/hit_wall.wav
17:20:00.292 [JavaFX Application Thread] DEBUG AssetLoader          - Loading from cache: /assets/textures/ball.png@40.0x40.0
17:20:00.293 [JavaFX Application Thread] DEBUG AssetLoader          - Loading from cache: /assets/textures/bird.png
17:20:00.294 [JavaFX Application Thread] DEBUG AssetLoader          - Loading from cache: /assets/textures/bird.png
17:20:00.294 [JavaFX Application Thread] DEBUG AssetLoader          - Loading from cache: /assets/textures/bird.png
17:20:00.295 [JavaFX Application Thread] DEBUG AssetLoader          - Loading from cache: /assets/textures/bird.png
17:20:00.305 [JavaFX Application Thread] WARN  GameWorld            - Attempted to remove entity which is not active
17:20:01.906 [JavaFX Application Thread] DEBUG AssetLoader          - Loading from cache: /assets/sounds/hit_wall.wav
17:20:01.908 [JavaFX Application Thread] DEBUG AssetLoader          - Loading from cache: /assets/ui/fonts/VarelaRound-Regular.ttf
17:20:01.910 [JavaFX Application Thread] DEBUG AssetLoader          - Loading from cache: /assets/ui/fonts/VarelaRound-Regular.ttf
17:20:01.912 [JavaFX Application Thread] DEBUG AssetLoader          - Loading from disk: /assets/properties/languages/english.properties
17:20:01.913 [JavaFX Application Thread] DEBUG AssetLoader          - Loading from cache: /assets/ui/fonts/VarelaRound-Regular.ttf
17:20:01.914 [JavaFX Application Thread] DEBUG AssetLoader          - Loading from cache: /assets/properties/languages/english.properties
17:20:01.918 [JavaFX Application Thread] DEBUG AssetLoader          - Loading from cache: /assets/ui/fonts/VarelaRound-Regular.ttf
17:20:01.919 [JavaFX Application Thread] DEBUG AppStateMachine      - Push state: DialogSubState
17:20:01.919 [JavaFX Application Thread] DEBUG Input                - Clearing active input actions
17:20:01.920 [JavaFX Application Thread] DEBUG AppStateMachine      - PlayState -> DialogSubState
17:20:01.928 [JavaFX Application Thread] DEBUG AssetLoader          - Loading from cache: /assets/textures/ball.png@40.0x40.0
17:20:01.929 [JavaFX Application Thread] DEBUG AssetLoader          - Loading from cache: /assets/textures/bird.png
17:20:01.930 [JavaFX Application Thread] DEBUG AssetLoader          - Loading from cache: /assets/textures/bird.png
17:20:01.931 [JavaFX Application Thread] DEBUG AssetLoader          - Loading from cache: /assets/textures/bird.png
17:20:01.932 [JavaFX Application Thread] DEBUG AssetLoader          - Loading from cache: /assets/textures/bird.png
17:20:03.641 [JavaFX Application Thread] DEBUG AssetLoader          - Loading from cache: /assets/sounds/menu/select.wav
17:20:04.080 [JavaFX Application Thread] DEBUG AppStateMachine      - Pop state: DialogSubState
17:20:04.080 [JavaFX Application Thread] DEBUG Input                - Clearing active input actions
17:20:04.081 [JavaFX Application Thread] DEBUG AppStateMachine      - PlayState <- DialogSubState
17:20:04.081 [JavaFX Application Thread] DEBUG GameApplication      - Starting new game
17:20:04.081 [JavaFX Application Thread] DEBUG Input                - Clearing active input actions
17:20:04.087 [JavaFX Application Thread] DEBUG AppStateMachine      - PlayState -> LoadingState
17:20:04.089 [FXGL Background Thread 1 ] DEBUG InitAppTask          - Clearing previous game
17:20:04.089 [FXGL Background Thread 1 ] DEBUG GameWorld            - Clearing game world
17:20:04.090 [FXGL Background Thread 1 ] WARN  GameWorld            - Attempted to remove entity which is not active
17:20:04.091 [FXGL Background Thread 1 ] DEBUG PhysicsWorld         - Clearing physics world
17:20:04.091 [FXGL Background Thread 1 ] DEBUG GameScene            - Clearing game scene
17:20:04.091 [FXGL Background Thread 1 ] DEBUG InitAppTask          - Initializing Game
17:20:04.093 [FXGL Background Thread 1 ] DEBUG GameScene            - Creating render group for layer: DEFAULT(100000)
17:20:04.094 [FXGL Background Thread 1 ] DEBUG AssetLoader          - Loading from cache: /assets/textures/ball.png@40.0x40.0
17:20:04.096 [FXGL Background Thread 1 ] DEBUG AssetLoader          - Loading from cache: /assets/textures/bird.png
17:20:04.096 [FXGL Background Thread 1 ] DEBUG AssetLoader          - Loading from cache: /assets/textures/bird.png
17:20:04.097 [FXGL Background Thread 1 ] DEBUG AssetLoader          - Loading from cache: /assets/textures/bird.png
17:20:04.098 [FXGL Background Thread 1 ] DEBUG AssetLoader          - Loading from cache: /assets/textures/bird.png
17:20:04.099 [FXGL Background Thread 1 ] DEBUG InitAppTask          - Initializing Physics
17:20:04.099 [FXGL Background Thread 1 ] DEBUG InitAppTask          - Initializing UI
17:20:04.099 [FXGL Background Thread 1 ] DEBUG AssetLoader          - Loading from cache: /assets/ui/fonts/VarelaRound-Regular.ttf
17:20:04.100 [FXGL Background Thread 1 ] DEBUG AssetLoader          - Loading from cache: /assets/ui/fonts/VarelaRound-Regular.ttf
17:20:04.100 [FXGL Background Thread 1 ] DEBUG AssetLoader          - Loading from cache: /assets/ui/fonts/VarelaRound-Regular.ttf
17:20:04.101 [FXGL Background Thread 1 ] DEBUG AssetLoader          - Loading from cache: /assets/ui/fonts/VarelaRound-Regular.ttf
17:20:04.101 [FXGL Background Thread 1 ] DEBUG InitAppTask          - Initialization Complete
17:20:04.101 [FXGL Background Thread 1 ] INFO  InitAppTask          - Game initialization took: 0,012 sec
17:20:04.114 [JavaFX Application Thread] DEBUG Input                - Clearing active input actions
17:20:04.119 [JavaFX Application Thread] DEBUG AppStateMachine      - LoadingState -> PlayState
17:20:25.906 [JavaFX Application Thread] DEBUG AssetLoader          - Loading from cache: /assets/sounds/hit_wall.wav
17:20:25.908 [JavaFX Application Thread] DEBUG AssetLoader          - Loading from cache: /assets/textures/ball.png@40.0x40.0
17:20:25.910 [JavaFX Application Thread] DEBUG AssetLoader          - Loading from cache: /assets/textures/bird.png
17:20:25.911 [JavaFX Application Thread] DEBUG AssetLoader          - Loading from cache: /assets/textures/bird.png
17:20:25.912 [JavaFX Application Thread] DEBUG AssetLoader          - Loading from cache: /assets/textures/bird.png
17:20:25.912 [JavaFX Application Thread] DEBUG AssetLoader          - Loading from cache: /assets/textures/bird.png
17:20:25.922 [JavaFX Application Thread] WARN  GameWorld            - Attempted to remove entity which is not active
17:20:25.922 [JavaFX Application Thread] WARN  GameWorld            - Attempted to remove entity which is not active
17:20:25.923 [JavaFX Application Thread] WARN  GameWorld            - Attempted to remove entity which is not active
17:20:25.923 [JavaFX Application Thread] WARN  GameWorld            - Attempted to remove entity which is not active
17:20:25.923 [JavaFX Application Thread] WARN  GameWorld            - Attempted to remove entity which is not active
17:20:25.923 [JavaFX Application Thread] WARN  GameWorld            - Attempted to remove entity which is not active
17:20:25.923 [JavaFX Application Thread] WARN  GameWorld            - Attempted to remove entity which is not active
17:20:25.923 [JavaFX Application Thread] WARN  GameWorld            - Attempted to remove entity which is not active
17:20:25.924 [JavaFX Application Thread] WARN  GameWorld            - Attempted to remove entity which is not active
17:20:25.924 [JavaFX Application Thread] WARN  GameWorld            - Attempted to remove entity which is not active
17:20:25.924 [JavaFX Application Thread] WARN  GameWorld            - Attempted to remove entity which is not active
17:20:25.924 [JavaFX Application Thread] WARN  GameWorld            - Attempted to remove entity which is not active
17:20:25.996 [JavaFX Application Thread] DEBUG Input                - Registered new binding: Resume - Esc
17:20:25.996 [JavaFX Application Thread] DEBUG AssetLoader          - Loading from disk: /assets/textures/pause_menu_bg.png
17:20:26.110 [JavaFX Application Thread] DEBUG AssetLoader          - Loading from cache: /assets/properties/languages/english.properties
17:20:26.110 [JavaFX Application Thread] DEBUG AssetLoader          - Loading from cache: /assets/ui/fonts/VarelaRound-Regular.ttf
17:20:26.111 [JavaFX Application Thread] DEBUG AssetLoader          - Loading from cache: /assets/properties/languages/english.properties
17:20:26.111 [JavaFX Application Thread] DEBUG AssetLoader          - Loading from cache: /assets/ui/fonts/VarelaRound-Regular.ttf
17:20:26.114 [JavaFX Application Thread] DEBUG AppStateMachine      - Push state: PauseMenuSubState
17:20:26.114 [JavaFX Application Thread] DEBUG Input                - Clearing active input actions
17:20:26.114 [JavaFX Application Thread] DEBUG AppStateMachine      - PlayState -> PauseMenuSubState
17:20:26.560 [JavaFX Application Thread] DEBUG AssetLoader          - Loading from cache: /assets/sounds/menu/select.wav
17:20:26.608 [JavaFX Application Thread] DEBUG AssetLoader          - Loading from cache: /assets/sounds/menu/select.wav
17:20:27.264 [JavaFX Application Thread] DEBUG AssetLoader          - Loading from cache: /assets/sounds/menu/select.wav
17:20:27.672 [JavaFX Application Thread] DEBUG FXGL                 - Exiting FXGL
17:20:27.672 [JavaFX Application Thread] DEBUG FXGL                 - Shutting down background threads
17:20:27.673 [JavaFX Application Thread] DEBUG FXGL                 - Saving FXGL system data
17:20:27.675 [JavaFX Application Thread] DEBUG DesktopFSService     - Writing to: system\fxgl.bundle
17:20:27.679 [JavaFX Application Thread] DEBUG FXGL                 - Closing logger and exiting JavaFX
