15:39:20.908 [JavaFX Application Thread] DEBUG GameApplication      - Logger initialized
15:39:21.399 [JavaFX Application Thread] DEBUG GameApplication      - Starting FXGL
15:39:21.400 [JavaFX Application Thread] INFO  Version              - FXGL-0.4.0
15:39:21.400 [JavaFX Application Thread] INFO  Version              - Source code and latest versions at: https://github.com/AlmasB/FXGL
15:39:21.400 [JavaFX Application Thread] INFO  Version              -              Join the FXGL chat at: https://gitter.im/AlmasB/FXGL
15:39:22.102 [FXGL Launcher Thread     ] DEBUG FXGL                 - Loading default FXGL system data
15:39:22.155 [FXGL Launcher Thread     ] DEBUG GameApplication      - FXGL configuration complete
15:39:22.184 [FXGL Launcher Thread     ] INFO  GameApplication      - FXGL configuration took:  0,726 sec
15:39:22.184 [FXGL Launcher Thread     ] DEBUG GameApplication      - Logging game settings
Title: Untitled
Version: 0.0
Width: 800
Height: 600
Fullscreen: false
Intro: false
Menus: false
Profiling: false
Single step:false
App Mode: DEVELOPER
Menu Key: ESCAPE
Stage Style: DECORATED
Scene Factory: class com.almasb.fxgl.scene.SceneFactory
Dialog Factory: class com.almasb.fxgl.ui.FXGLDialogFactory
UI Factory: class com.almasb.fxgl.ui.FXGLUIFactory
Notification Service: class com.almasb.fxgl.gameplay.notification.XboxNotificationView
Exception Handler: class com.almasb.fxgl.app.FXGLExceptionHandler
15:39:22.238 [JavaFX Application Thread] DEBUG UpdaterTask          - Checking for updates
15:39:22.401 [JavaFX Application Thread] DEBUG IOTask               - Showing dialog
15:39:22.404 [FXGL Background Thread 1 ] DEBUG IOTask               - Executing task: openStream(https://raw.githubusercontent.com/AlmasB/FXGL/master/pom.xml)
15:39:22.404 [FXGL Background Thread 1 ] DEBUG IOTask               - Executing task: openStream(https://raw.githubusercontent.com/AlmasB/FXGL/master/pom.xml)
15:39:25.271 [FXGL Background Thread 1 ] DEBUG IOTask               - Executing task: latestVersion
15:39:25.307 [JavaFX Application Thread] DEBUG IOTask               - succeed(): Dismissing dialog
15:39:25.308 [JavaFX Application Thread] DEBUG IOTask               - Task succeeded: openStream(https://raw.githubusercontent.com/AlmasB/FXGL/master/pom.xml)
15:39:31.175 [FXGL Launcher Thread     ] DEBUG GameApplication      - Configuring GameApplication
15:39:31.361 [FXGL Launcher Thread     ] DEBUG AppStateMachine      - Initializing application states
15:39:31.454 [FXGL Launcher Thread     ] DEBUG AssetLoader          - Loading from disk: /assets/ui/cursors/fxgl_default.png
15:39:31.481 [FXGL Launcher Thread     ] DEBUG AssetLoader          - Loading from disk: /assets/ui/cursors/fxgl_default.png
15:39:31.508 [FXGL Launcher Thread     ] DEBUG AssetLoader          - Loading from disk: /assets/sounds/core/notification.wav
15:39:31.754 [FXGL Launcher Thread     ] DEBUG AssetLoader          - Loading from disk: /assets/sounds/menu/select.wav
15:39:31.757 [FXGL Launcher Thread     ] DEBUG AssetLoader          - Loading from disk: /assets/sounds/menu/back.wav
15:39:31.759 [FXGL Launcher Thread     ] DEBUG AssetLoader          - Loading from disk: /assets/sounds/menu/press.wav
15:39:31.761 [FXGL Launcher Thread     ] DEBUG AssetLoader          - Loading from disk: /assets/ui/fonts/VarelaRound-Regular.ttf
15:39:31.824 [FXGL Launcher Thread     ] DEBUG AssetLoader          - Loading from disk: /assets/ui/fonts/lucida_console.ttf
15:39:31.837 [FXGL Launcher Thread     ] DEBUG AssetLoader          - Loading from disk: /assets/ui/css/fxgl_dark.css
15:39:31.837 [FXGL Launcher Thread     ] DEBUG AssetLoader          - Loading from disk: /assets/ui/icons/fxgl_icon.png
15:39:31.903 [FXGL Launcher Thread     ] DEBUG AssetLoader          - Loading from disk: /assets/ui/cursors/fxgl_default.png
15:39:31.984 [FXGL Launcher Thread     ] DEBUG FXGL.GameScene       - Game scene initialized: 800x600
15:39:31.987 [FXGL Launcher Thread     ] DEBUG FXGL.GameWorld       - Game world initialized
15:39:32.057 [FXGL Launcher Thread     ] DEBUG FXGL.PhysicsWorld    - Physics world initialized: appHeight=600, physics.ppm=50,0
15:39:32.059 [FXGL Launcher Thread     ] DEBUG Input                - Registered new binding: Pause - Esc
15:39:32.091 [FXGL Launcher Thread     ] INFO  GameApplication      - Game configuration took:  0,916 sec
15:39:32.092 [JavaFX Application Thread] DEBUG MainWindow           - Target size: 800.0 x 600.0 @ 1.0
15:39:32.092 [JavaFX Application Thread] DEBUG MainWindow           - New size:    800.0 x 600.0 @ 1.0
15:39:32.093 [JavaFX Application Thread] DEBUG MainWindow           - Opening main window
15:39:32.183 [JavaFX Application Thread] DEBUG MainWindow           - Root size:  800.0x600.0
15:39:32.184 [JavaFX Application Thread] DEBUG MainWindow           - Scene size: 800.0x600.0
15:39:32.184 [JavaFX Application Thread] DEBUG MainWindow           - Stage size: 806.0x635.0
15:39:32.185 [JavaFX Application Thread] DEBUG GameApplication      - Running preInit()
15:39:32.590 [JavaFX Application Thread] DEBUG AnnotationParser     - @SetAchievementStore: []
15:39:32.591 [JavaFX Application Thread] DEBUG Input                - Registered new binding: Screenshot - P
15:39:32.592 [JavaFX Application Thread] DEBUG Input                - Registered new binding: Dev Options - CTRL+0
15:39:32.649 [JavaFX Application Thread] DEBUG GameApplication      - Starting main loop
15:39:32.652 [JavaFX Application Thread] DEBUG StartupState         - STARTUP
15:39:32.652 [JavaFX Application Thread] DEBUG GameApplication      - Starting new game
15:39:32.652 [JavaFX Application Thread] DEBUG Input                - Clearing active input actions
15:39:32.652 [JavaFX Application Thread] DEBUG AppStateMachine      - StartupState -> LoadingState
15:39:32.911 [JavaFX Application Thread] DEBUG InitAppTask          - Parsing annotations
15:39:32.947 [JavaFX Application Thread] DEBUG AnnotationParser     - @SetEventHandler: []
15:39:32.949 [JavaFX Application Thread] DEBUG AnnotationParser     - @AddCollisionHandler: []
15:39:32.949 [JavaFX Application Thread] DEBUG AnnotationParser     - @SetEntityFactory: []
15:39:32.952 [FXGL Background Thread 1 ] DEBUG InitAppTask          - Clearing previous game
15:39:32.952 [FXGL Background Thread 1 ] DEBUG FXGL.GameWorld       - Clearing game world
15:39:32.953 [FXGL Background Thread 1 ] DEBUG FXGL.PhysicsWorld    - Clearing physics world
15:39:32.953 [FXGL Background Thread 1 ] DEBUG FXGL.GameScene       - Clearing game scene
15:39:32.953 [FXGL Background Thread 1 ] DEBUG InitAppTask          - Initializing Assets
15:39:32.954 [FXGL Background Thread 1 ] DEBUG InitAppTask          - Initializing Game
15:39:33.086 [JavaFX Application Thread] FATAL GameApplication      - Uncaught Exception:
15:39:33.086 [JavaFX Application Thread] FATAL GameApplication      - 

Exception occurred: java.lang.IllegalStateException : EntityFactory was not set!
E: com.almasb.fxgl.entity.GameWorld.spawn(GameWorld.java:397)
E: com.almasb.fxgl.entity.GameWorld.spawn(GameWorld.java:384)
E: com.almasb.fxgl.app.DSLKt.spawn(DSL.kt:147)
E: main.DodgerApp.initGame(DodgerApp.java:17)
E: com.almasb.fxgl.app.LoadingState$InitAppTask.initGame(AppStates.kt:200)
E: com.almasb.fxgl.app.LoadingState$InitAppTask.call(AppStates.kt:160)
E: com.almasb.fxgl.app.LoadingState$InitAppTask.call(AppStates.kt:132)
E: javafx.concurrent.Task$TaskCallable.call(Task.java:1423)
E: java.util.concurrent.FutureTask.run(FutureTask.java:266)
E: java.util.concurrent.Executors$RunnableAdapter.call(Executors.java:511)
E: java.util.concurrent.FutureTask.run(FutureTask.java:266)
E: java.util.concurrent.ThreadPoolExecutor.runWorker(ThreadPoolExecutor.java:1149)
E: java.util.concurrent.ThreadPoolExecutor$Worker.run(ThreadPoolExecutor.java:624)
E: java.lang.Thread.run(Thread.java:748)

15:39:33.087 [JavaFX Application Thread] FATAL GameApplication      - Application will now exit
15:39:33.087 [JavaFX Application Thread] DEBUG GameApplication      - Stopping main loop
15:39:36.513 [JavaFX Application Thread] DEBUG GameApplication      - Exiting game application
15:39:36.514 [JavaFX Application Thread] DEBUG GameApplication      - Shutting down background threads
15:39:36.516 [JavaFX Application Thread] DEBUG GameApplication      - Exiting FXGL
15:39:36.516 [JavaFX Application Thread] DEBUG FXGL                 - Saving FXGL system data
15:39:36.519 [JavaFX Application Thread] DEBUG IOTask               - Executing task: writeDataTask(system/fxgl.bundle)
15:39:36.521 [JavaFX Application Thread] DEBUG FS                   - Writing to: system\fxgl.bundle
15:39:36.634 [JavaFX Application Thread] DEBUG IOTask               - Task succeeded: writeDataTask(system/fxgl.bundle)
15:39:36.634 [JavaFX Application Thread] DEBUG GameApplication      - Closing logger and exiting JavaFX
