18:59:45.329 [JavaFX Application Thread] DEBUG GameApplication      - Logger initialized
18:59:45.348 [JavaFX Application Thread] DEBUG GameApplication      - Logging settings
Title: Untitled
Version: 0.0
Width: 800
Height: 600
Fullscreen: false
Intro: false
Menus: false
Profiling: false
Single step:false
App Mode: DEVELOPER
Menu Key: ESCAPE
Stage Style: DECORATED
Scene Factory: class com.almasb.fxgl.scene.SceneFactory
Dialog Factory: class com.almasb.fxgl.ui.FXGLDialogFactory
UI Factory: class com.almasb.fxgl.ui.FXGLUIFactory
Notification Service: class com.almasb.fxgl.gameplay.notification.XboxNotificationView
Exception Handler: class com.almasb.fxgl.app.FXGLExceptionHandler
18:59:45.349 [JavaFX Application Thread] DEBUG GameApplication      - Starting FXGL
18:59:45.357 [JavaFX Application Thread] INFO  FXGL                 - FXGL-0.5.4 on DESKTOP
18:59:45.358 [JavaFX Application Thread] INFO  FXGL                 - Source code and latest versions at: https://github.com/AlmasB/FXGL
18:59:45.358 [JavaFX Application Thread] INFO  FXGL                 -              Join the FXGL chat at: https://gitter.im/AlmasB/FXGL
18:59:45.358 [JavaFX Application Thread] DEBUG FXGL                 - FXGL started
18:59:45.359 [JavaFX Application Thread] DEBUG FXGL                 - Initializing FXGL
18:59:45.420 [JavaFX Application Thread] DEBUG AssetLoader          - Loading from disk: /assets/ui/cursors/fxgl_default.png
18:59:45.474 [JavaFX Application Thread] DEBUG AssetLoader          - Loading from disk: /assets/ui/fonts/VarelaRound-Regular.ttf
18:59:45.756 [JavaFX Application Thread] DEBUG MainWindow           - Creating a JavaFX scene
18:59:45.820 [JavaFX Application Thread] DEBUG MainWindow           - Target settings size: 800.0 x 600.0
18:59:45.820 [JavaFX Application Thread] DEBUG MainWindow           - Scaled scene size:    800.0 x 600.0
18:59:45.820 [JavaFX Application Thread] DEBUG MainWindow           - Scaled ratio: (1.0, 1.0)
18:59:45.825 [JavaFX Application Thread] DEBUG AssetLoader          - Loading from disk: /assets/ui/css/fxgl_dark.css
18:59:45.841 [JavaFX Application Thread] DEBUG AssetLoader          - Loading from disk: /assets/textures/fxgl_icon.png
18:59:45.868 [JavaFX Application Thread] DEBUG MainWindow           - Opening main window
18:59:46.168 [JavaFX Application Thread] DEBUG MainWindow           - Window border size: (6.0, 35.0)
18:59:46.169 [JavaFX Application Thread] DEBUG MainWindow           - Scaled size: 800.0 x 600.0
18:59:46.169 [JavaFX Application Thread] DEBUG MainWindow           - Scaled ratio: (1.0, 1.0)
18:59:46.169 [JavaFX Application Thread] DEBUG MainWindow           - Scene size: 800.0 x 600.0
18:59:46.169 [JavaFX Application Thread] DEBUG MainWindow           - Stage size: 806.0 x 635.0
18:59:46.252 [ForkJoinPool.commonPool-worker-1] DEBUG FS                   - Loaded DesktopFSService
18:59:46.252 [ForkJoinPool.commonPool-worker-1] DEBUG FXGL                 - Loading FXGL system data
18:59:46.267 [ForkJoinPool.commonPool-worker-1] DEBUG DesktopFSService     - Reading from: system\fxgl.bundle
18:59:46.276 [ForkJoinPool.commonPool-worker-1] DEBUG Bundle               - Logging bundle: FXGL
18:59:46.277 [ForkJoinPool.commonPool-worker-1] DEBUG Bundle               - FXGL.offline.timer.version.check=2019-01-20T15:39:25.309
18:59:46.278 [ForkJoinPool.commonPool-worker-1] DEBUG FXGL                 - Initializing state machine and application states
18:59:46.282 [ForkJoinPool.commonPool-worker-1] DEBUG AssetLoader          - Loading from disk: /assets/ui/cursors/fxgl_default.png
18:59:46.288 [ForkJoinPool.commonPool-worker-1] DEBUG AssetLoader          - Loading from disk: /assets/ui/cursors/fxgl_default.png
18:59:46.299 [ForkJoinPool.commonPool-worker-1] DEBUG AssetLoader          - Loading from cache: /assets/ui/fonts/VarelaRound-Regular.ttf
18:59:46.301 [ForkJoinPool.commonPool-worker-1] DEBUG AssetLoader          - Loading from disk: /assets/ui/cursors/fxgl_default.png
18:59:46.306 [ForkJoinPool.commonPool-worker-1] DEBUG GameScene            - Game scene initialized: 800x600
18:59:46.315 [ForkJoinPool.commonPool-worker-1] DEBUG GameWorld            - Game world initialized
18:59:46.389 [ForkJoinPool.commonPool-worker-1] DEBUG PhysicsWorld         - Physics world initialized: appHeight=600, physics.ppm=50,0
18:59:46.413 [ForkJoinPool.commonPool-worker-1] DEBUG Input                - Registered new binding: Pause - Esc
18:59:46.467 [JavaFX Application Thread] DEBUG FXGL                 - Running preInit()
18:59:46.468 [JavaFX Application Thread] DEBUG Input                - Registered new binding: Screenshot - P
18:59:46.469 [JavaFX Application Thread] DEBUG Input                - Registered new binding: Dev Options - CTRL+0
18:59:46.469 [JavaFX Application Thread] DEBUG Input                - Registered new binding: System info dump - CTRL+9
18:59:46.469 [JavaFX Application Thread] DEBUG Input                - Registered new binding: Restart - CTRL+R
18:59:46.470 [JavaFX Application Thread] DEBUG Input                - Registered new binding: Left - A
18:59:46.470 [JavaFX Application Thread] DEBUG Input                - Registered new binding: Right - D
18:59:46.471 [JavaFX Application Thread] DEBUG Input                - Registered new binding: Down - S
18:59:46.471 [JavaFX Application Thread] DEBUG Input                - Registered new binding: Up - W
18:59:46.474 [JavaFX Application Thread] INFO  FXGL                 - FXGL initialization took: 1,112 sec
18:59:46.474 [JavaFX Application Thread] DEBUG LoopRunner           - Starting loop
18:59:46.477 [JavaFX Application Thread] DEBUG StartupState         - STARTUP
18:59:46.477 [JavaFX Application Thread] DEBUG GameApplication      - Starting new game
18:59:46.478 [JavaFX Application Thread] DEBUG Input                - Clearing active input actions
18:59:46.481 [JavaFX Application Thread] DEBUG AssetLoader          - Loading from disk: /assets/ui/css/fxgl_dark.css
18:59:46.487 [JavaFX Application Thread] DEBUG AppStateMachine      - StartupState -> LoadingState
18:59:46.496 [FXGL Background Thread 1 ] DEBUG InitAppTask          - Clearing previous game
18:59:46.496 [FXGL Background Thread 1 ] DEBUG GameWorld            - Clearing game world
18:59:46.496 [FXGL Background Thread 1 ] DEBUG PhysicsWorld         - Clearing physics world
18:59:46.497 [FXGL Background Thread 1 ] DEBUG GameScene            - Clearing game scene
18:59:46.498 [FXGL Background Thread 1 ] DEBUG InitAppTask          - Initializing Game
18:59:46.599 [FXGL Background Thread 1 ] DEBUG GameScene            - Creating render group for layer: DEFAULT(100000)
18:59:46.604 [FXGL Background Thread 1 ] DEBUG AssetLoader          - Loading from disk: /assets/textures/ball.png
18:59:46.932 [FXGL Background Thread 1 ] DEBUG AssetLoader          - Loading from disk: /assets/textures/bird.png
18:59:46.955 [FXGL Background Thread 1 ] DEBUG AssetLoader          - Loading from cache: /assets/textures/bird.png
18:59:46.956 [FXGL Background Thread 1 ] DEBUG AssetLoader          - Loading from cache: /assets/textures/bird.png
18:59:46.957 [FXGL Background Thread 1 ] DEBUG AssetLoader          - Loading from cache: /assets/textures/bird.png
18:59:46.957 [FXGL Background Thread 1 ] DEBUG InitAppTask          - Initializing Physics
18:59:46.958 [FXGL Background Thread 1 ] DEBUG InitAppTask          - Initializing UI
18:59:46.985 [FXGL Background Thread 1 ] DEBUG AssetLoader          - Loading from cache: /assets/ui/fonts/VarelaRound-Regular.ttf
18:59:46.985 [FXGL Background Thread 1 ] DEBUG InitAppTask          - Initialization Complete
18:59:46.985 [FXGL Background Thread 1 ] INFO  InitAppTask          - Game initialization took: 0,490 sec
18:59:46.997 [JavaFX Application Thread] DEBUG Input                - Clearing active input actions
18:59:46.997 [JavaFX Application Thread] DEBUG AssetLoader          - Loading from disk: /assets/ui/css/fxgl_dark.css
18:59:47.005 [JavaFX Application Thread] DEBUG AppStateMachine      - LoadingState -> PlayState
18:59:48.744 [JavaFX Application Thread] DEBUG AssetLoader          - Loading from cache: /assets/textures/ball.png@40.0x40.0
18:59:48.747 [JavaFX Application Thread] DEBUG AssetLoader          - Loading from cache: /assets/textures/bird.png
18:59:48.748 [JavaFX Application Thread] DEBUG AssetLoader          - Loading from cache: /assets/textures/bird.png
18:59:48.749 [JavaFX Application Thread] DEBUG AssetLoader          - Loading from cache: /assets/textures/bird.png
18:59:48.750 [JavaFX Application Thread] DEBUG AssetLoader          - Loading from cache: /assets/textures/bird.png
18:59:54.248 [JavaFX Application Thread] DEBUG AssetLoader          - Loading from cache: /assets/textures/ball.png@40.0x40.0
18:59:54.249 [JavaFX Application Thread] DEBUG AssetLoader          - Loading from cache: /assets/textures/bird.png
18:59:54.249 [JavaFX Application Thread] DEBUG AssetLoader          - Loading from cache: /assets/textures/bird.png
18:59:54.250 [JavaFX Application Thread] DEBUG AssetLoader          - Loading from cache: /assets/textures/bird.png
18:59:54.251 [JavaFX Application Thread] DEBUG AssetLoader          - Loading from cache: /assets/textures/bird.png
19:00:01.674 [JavaFX Application Thread] DEBUG FXGL                 - Exiting FXGL
19:00:01.674 [JavaFX Application Thread] DEBUG FXGL                 - Shutting down background threads
19:00:01.674 [JavaFX Application Thread] DEBUG FXGL                 - Saving FXGL system data
19:00:01.677 [JavaFX Application Thread] DEBUG DesktopFSService     - Writing to: system\fxgl.bundle
19:00:01.682 [JavaFX Application Thread] DEBUG FXGL                 - Closing logger and exiting JavaFX
